0 info it worked if it ends with ok
1 verbose cli [ '/usr/local/bin/node',
1 verbose cli   '/usr/local/bin/npm',
1 verbose cli   'install',
1 verbose cli   'jsonwebtoken',
1 verbose cli   '--save' ]
2 info using npm@1.4.28
3 info using node@v0.10.32
4 verbose readDependencies using package.json deps
5 verbose cache add [ 'jsonwebtoken', null ]
6 verbose cache add name=undefined spec="jsonwebtoken" args=["jsonwebtoken",null]
7 verbose parsed url { protocol: null,
7 verbose parsed url   slashes: null,
7 verbose parsed url   auth: null,
7 verbose parsed url   host: null,
7 verbose parsed url   port: null,
7 verbose parsed url   hostname: null,
7 verbose parsed url   hash: null,
7 verbose parsed url   search: null,
7 verbose parsed url   query: null,
7 verbose parsed url   pathname: 'jsonwebtoken',
7 verbose parsed url   path: 'jsonwebtoken',
7 verbose parsed url   href: 'jsonwebtoken' }
8 silly lockFile fb3a83e6-jsonwebtoken jsonwebtoken
9 verbose lock jsonwebtoken /Users/stewartleach/.npm/fb3a83e6-jsonwebtoken.lock
10 silly lockFile fb3a83e6-jsonwebtoken jsonwebtoken
11 silly lockFile fb3a83e6-jsonwebtoken jsonwebtoken
12 verbose addNamed [ 'jsonwebtoken', '' ]
13 verbose addNamed [ null, '*' ]
14 silly lockFile 500149be-jsonwebtoken jsonwebtoken@
15 verbose lock jsonwebtoken@ /Users/stewartleach/.npm/500149be-jsonwebtoken.lock
16 silly addNameRange { name: 'jsonwebtoken', range: '*', hasData: false }
17 verbose request where is /jsonwebtoken
18 verbose request registry https://registry.npmjs.org/
19 verbose request id 460d53e1b40cbe84
20 verbose url raw /jsonwebtoken
21 verbose url resolving [ 'https://registry.npmjs.org/', './jsonwebtoken' ]
22 verbose url resolved https://registry.npmjs.org/jsonwebtoken
23 verbose request where is https://registry.npmjs.org/jsonwebtoken
24 info trying registry request attempt 1 at 23:16:01
25 verbose etag "4GTPLK7EP8F0APZPC5TDAMM7M"
26 http GET https://registry.npmjs.org/jsonwebtoken
27 http 304 https://registry.npmjs.org/jsonwebtoken
28 silly registry.get cb [ 304,
28 silly registry.get   { date: 'Sun, 14 Dec 2014 12:15:54 GMT',
28 silly registry.get     server: 'Apache',
28 silly registry.get     via: '1.1 varnish',
28 silly registry.get     'last-modified': 'Sun, 14 Dec 2014 12:15:55 GMT',
28 silly registry.get     'cache-control': 'max-age=60',
28 silly registry.get     etag: '"4GTPLK7EP8F0APZPC5TDAMM7M"',
28 silly registry.get     age: '0',
28 silly registry.get     'x-served-by': 'cache-syd1620-SYD',
28 silly registry.get     'x-cache': 'MISS',
28 silly registry.get     'x-cache-hits': '0',
28 silly registry.get     'x-timer': 'S1418559354.068767,VS0,VE941',
28 silly registry.get     vary: 'Accept',
28 silly registry.get     'content-length': '0',
28 silly registry.get     'keep-alive': 'timeout=10, max=50',
28 silly registry.get     connection: 'Keep-Alive' } ]
29 verbose etag https://registry.npmjs.org/jsonwebtoken from cache
30 silly addNameRange number 2 { name: 'jsonwebtoken', range: '*', hasData: true }
31 silly addNameRange versions [ 'jsonwebtoken',
31 silly addNameRange   [ '0.1.0',
31 silly addNameRange     '0.2.0',
31 silly addNameRange     '0.3.0',
31 silly addNameRange     '0.4.0',
31 silly addNameRange     '0.4.1',
31 silly addNameRange     '1.0.0',
31 silly addNameRange     '1.0.2',
31 silly addNameRange     '1.1.0',
31 silly addNameRange     '1.1.1',
31 silly addNameRange     '1.1.2',
31 silly addNameRange     '1.2.0',
31 silly addNameRange     '1.3.0' ] ]
32 verbose addNamed [ 'jsonwebtoken', '1.3.0' ]
33 verbose addNamed [ '1.3.0', '1.3.0' ]
34 silly lockFile f4d6f37e-jsonwebtoken-1-3-0 jsonwebtoken@1.3.0
35 verbose lock jsonwebtoken@1.3.0 /Users/stewartleach/.npm/f4d6f37e-jsonwebtoken-1-3-0.lock
36 silly lockFile 148defc4-nwebtoken-jsonwebtoken-1-3-0-tgz https://registry.npmjs.org/jsonwebtoken/-/jsonwebtoken-1.3.0.tgz
37 verbose lock https://registry.npmjs.org/jsonwebtoken/-/jsonwebtoken-1.3.0.tgz /Users/stewartleach/.npm/148defc4-nwebtoken-jsonwebtoken-1-3-0-tgz.lock
38 verbose addRemoteTarball [ 'https://registry.npmjs.org/jsonwebtoken/-/jsonwebtoken-1.3.0.tgz',
38 verbose addRemoteTarball   '683ceee1bbe09a92d9e026ab25e67f97bcf3c3e2' ]
39 info retry fetch attempt 1 at 23:16:02
40 verbose fetch to= /var/folders/0x/fr5z13y169j8g2prjpfmvxc40000gn/T/npm-10270-irM6AiWQ/registry.npmjs.org/jsonwebtoken/-/jsonwebtoken-1.3.0.tgz
41 http GET https://registry.npmjs.org/jsonwebtoken/-/jsonwebtoken-1.3.0.tgz
42 http 200 https://registry.npmjs.org/jsonwebtoken/-/jsonwebtoken-1.3.0.tgz
43 silly lockFile 148defc4-nwebtoken-jsonwebtoken-1-3-0-tgz https://registry.npmjs.org/jsonwebtoken/-/jsonwebtoken-1.3.0.tgz
44 silly lockFile 148defc4-nwebtoken-jsonwebtoken-1-3-0-tgz https://registry.npmjs.org/jsonwebtoken/-/jsonwebtoken-1.3.0.tgz
45 silly lockFile f4d6f37e-jsonwebtoken-1-3-0 jsonwebtoken@1.3.0
46 silly lockFile f4d6f37e-jsonwebtoken-1-3-0 jsonwebtoken@1.3.0
47 silly lockFile 500149be-jsonwebtoken jsonwebtoken@
48 silly lockFile 500149be-jsonwebtoken jsonwebtoken@
49 error Error: EACCES, mkdir '/Users/stewartleach/.npm/jsonwebtoken/1.3.0'
49 error  { [Error: EACCES, mkdir '/Users/stewartleach/.npm/jsonwebtoken/1.3.0']
49 error   errno: 3,
49 error   code: 'EACCES',
49 error   path: '/Users/stewartleach/.npm/jsonwebtoken/1.3.0',
49 error   parent: 'writeon-mvp-step1' }
50 error Please try running this command again as root/Administrator.
51 error System Darwin 14.0.0
52 error command "/usr/local/bin/node" "/usr/local/bin/npm" "install" "jsonwebtoken" "--save"
53 error cwd /Users/stewartleach/projects/programming-projects/git/writeon-mvp-step1
54 error node -v v0.10.32
55 error npm -v 1.4.28
56 error path /Users/stewartleach/.npm/jsonwebtoken/1.3.0
57 error code EACCES
58 error errno 3
59 error stack Error: EACCES, mkdir '/Users/stewartleach/.npm/jsonwebtoken/1.3.0'
60 verbose exit [ 3, true ]
